<testsuites id="" name="" tests="102" failures="0" skipped="0" errors="0" time="572.3236740000248">

<testsuite name="feature/tests/favorite/VerifyFavoriteListPage.spec.ts" timestamp="1694754119867" hostname="chromium" tests="1" failures="0" skipped="0" time="3.299" errors="0">
<testcase name="Verify Favorite List Page › Verify saved objects" classname="feature/tests/favorite/VerifyFavoriteListPage.spec.ts" time="3.299">
<system-out>
<![CDATA[== Mocked GetParams ==
== Mocked GetParams ==
Unmocked URL:  https://mr5236-acm.wgpl.com/api/c/layout/notification/get
Unmocked URL:  https://mr5236-acm.wgpl.com/api/c/layout/GetCalendarExtrasAsync/?propertyId=0
== Mocked GetFavoriteHotelsMock ==
Unmocked URL:  https://mr5236-acm.wgpl.com/api/c/layout/notification/get
Unmocked URL:  https://mr5236-acm.wgpl.com/api/c/layout/GetCalendarExtrasAsync/?propertyId=0
Unmocked URL:  https://mr5236-acm.wgpl.com/api/c/mkt/GetConsentBanner
Unmocked URL:  https://mr5236-acm.wgpl.com/api/c/layout/notification/get
Unmocked URL:  https://mr5236-acm.wgpl.com/api/c/layout/GetCalendarExtrasAsync/?propertyId=0
== Mocked GetFavoriteHotelsMock ==
== Mocked GetFavoriteHotelsMock ==
== Mocked GetFavoriteHotelsMock ==
]]>
</system-out>
</testcase>
</testsuite>

</testsuites>